<html>
<head>
<title>TestNG:  Default test</title>
<link href="../testng.css" rel="stylesheet" type="text/css" />
<link href="../my-testng.css" rel="stylesheet" type="text/css" />

<style type="text/css">
.log { display: none;} 
.stack-trace { display: none;} 
</style>
<script type="text/javascript">
<!--
function flip(e) {
  current = e.style.display;
  if (current == 'block') {
    e.style.display = 'none';
    return 0;
  }
  else {
    e.style.display = 'block';
    return 1;
  }
}

function toggleBox(szDivId, elem, msg1, msg2)
{
  var res = -1;  if (document.getElementById) {
    res = flip(document.getElementById(szDivId));
  }
  else if (document.all) {
    // this is the way old msie versions work
    res = flip(document.all[szDivId]);
  }
  if(elem) {
    if(res == 0) elem.innerHTML = msg1; else elem.innerHTML = msg2;
  }

}

function toggleAllBoxes() {
  if (document.getElementsByTagName) {
    d = document.getElementsByTagName('div');
    for (i = 0; i < d.length; i++) {
      if (d[i].className == 'log') {
        flip(d[i]);
      }
    }
  }
}

// -->
</script>

</head>
<body>
<h2 align='center'>Default test</h2><table border='1' align="center">
<tr>
<td>Tests passed/Failed/Skipped:</td><td>1/7/0</td>
</tr><tr>
<td>Started on:</td><td>Thu Dec 29 16:56:13 IST 2022</td>
</tr>
<tr><td>Total time:</td><td>103 seconds (103532 ms)</td>
</tr><tr>
<td>Included groups:</td><td></td>
</tr><tr>
<td>Excluded groups:</td><td></td>
</tr>
</table><p/>
<small><i>(Hover the method name to see the test class name)</i></small><p/>
<table width='100%' border='1' class='invocation-failed'>
<tr><td colspan='4' align='center'><b>FAILED TESTS</b></td></tr>
<tr><td><b>Test method</b></td>
<td><b>Attribute(s)</b></td>
<td width="30%"><b>Exception</b></td>
<td width="10%"><b>Time (seconds)</b></td>
<td><b>Instance</b></td>
</tr>
<tr>
<td title='testRunner.runnerTest.runScenario()'><b>runScenario</b><br>Test class: testRunner.runnerTest<br>Test method: Runs Cucumber Scenarios<br>Parameters: "Successfull login with valid credentials", "Login"</td>
<td><div><pre>org.openqa.selenium.NoSuchElementException: no such element: Unable to locate element: {&quot;method&quot;:&quot;id&quot;,&quot;selector&quot;:&quot;Email&quot;}
  (Session info: chrome=108.0.5359.128)
  (Driver info: chromedriver=2.41.578706 (5f725d1b4f0a4acbf5259df887244095596231db),platform=Mac OS X 12.4.0 x86_64)
For documentation on this error, please visit: https://selenium.dev/exceptions/#no_such_element
Build info: version: &apos;4.6.0&apos;, revision: &apos;79f1c02ae20&apos;
System info: os.name: &apos;Mac OS X&apos;, os.arch: &apos;x86_64&apos;, os.version: &apos;12.6&apos;, java.version: &apos;17.0.4.1&apos;
Driver info: io.appium.java_client.android.AndroidDriver
Command: [25bca2a5-2639-4d66-9873-340362d5bfc0, findElement {using=id, value=Email}]
Capabilities {appium:appActivity: com.google.android.apps.chr..., appium:appPackage: com.android.chrome, appium:appiumVersion: 1.22.3, appium:automationName: UiAutomator2, appium:chromedriverExecutable: /root/platform-tools/chrome..., appium:chromedriverPort: 8000, appium:cloudViewLink: https://sgregion.experitest..., appium:databaseEnabled: false, appium:desired: {appiumVersion: 1.22.3, automationName: UiAutomator2, browserName: Chrome, chromedriverExecutable: /root/platform-tools/chrome..., chromedriverPort: 8000, deviceName: auto, deviceQuery: @os=&apos;android&apos; and @category..., experitest:client8: true, experitest:originalSkipDeviceInitialization: false, experitestCloudSessionId: CLOUD-SID:2022-12-29_11-26-..., platformName: android, platformVersion: 9.0, reportTestId: 93596, reportUrl: https://uscloud.experitest...., skipDeviceInitialization: true, skipServerInstallation: true, udid: 3245413537533098}, appium:deviceApiLevel: 28, appium:deviceManufacturer: samsung, appium:deviceModel: SM-G965U, appium:deviceName: 3245413537533098, appium:deviceQuery: @os=&apos;android&apos; and @category..., appium:deviceScreenDensity: 420, appium:deviceScreenSize: 1080x2220, appium:deviceUDID: 3245413537533098, appium:ehmPrefixUrl: /agent-3749080, appium:ehmUrl: https://sgregion.experitest..., appium:experitestCloudSessionId: CLOUD-SID:2022-12-29_11-26-..., appium:gridNodePort: 0, appium:javascriptEnabled: true, appium:locationContextEnabled: false, appium:networkConnectionEnabled: true, appium:pixelRatio: 2.625, appium:platformVersion: 9, appium:reportTestId: 93596, appium:reportUrl: https://uscloud.experitest...., appium:skipDeviceInitialization: true, appium:skipServerInstallation: true, appium:statBarHeight: 63, appium:takesScreenshot: true, appium:udid: 3245413537533098, appium:viewportRect: {height: 2031, left: 0, top: 63, width: 1080}, appium:warnings: {}, appium:webStorageEnabled: false, browserName: Chrome, experitest:client8: true, experitest:originalSkipDeviceInitialization: false, platformName: ANDROID}
Session ID: 25bca2a5-2639-4d66-9873-340362d5bfc0
	at java.base/jdk.internal.reflect.NativeConstructorAccessorImpl.newInstance0(Native Method)
	at java.base/jdk.internal.reflect.NativeConstructorAccessorImpl.newInstance(NativeConstructorAccessorImpl.java:77)
	at java.base/jdk.internal.reflect.DelegatingConstructorAccessorImpl.newInstance(DelegatingConstructorAccessorImpl.java:45)
	at java.base/java.lang.reflect.Constructor.newInstanceWithCaller(Constructor.java:499)
	at java.base/java.lang.reflect.Constructor.newInstance(Constructor.java:480)
	at org.openqa.selenium.remote.codec.w3c.W3CHttpResponseCodec.createException(W3CHttpResponseCodec.java:200)
	at org.openqa.selenium.remote.codec.w3c.W3CHttpResponseCodec.decode(W3CHttpResponseCodec.java:133)
	at org.openqa.selenium.remote.codec.w3c.W3CHttpResponseCodec.decode(W3CHttpResponseCodec.java:53)
	at org.openqa.selenium.remote.HttpCommandExecutor.execute(HttpCommandExecutor.java:184)
	at io.appium.java_client.remote.AppiumCommandExecutor.execute(AppiumCommandExecutor.java:189)
	at org.openqa.selenium.remote.RemoteWebDriver.execute(RemoteWebDriver.java:541)
	at org.openqa.selenium.remote.ElementLocation$ElementFinder$2.findElement(ElementLocation.java:162)
	at org.openqa.selenium.remote.ElementLocation.findElement(ElementLocation.java:66)
	at org.openqa.selenium.remote.RemoteWebDriver.findElement(RemoteWebDriver.java:365)
	at org.openqa.selenium.remote.RemoteWebDriver.findElement(RemoteWebDriver.java:357)
	at org.openqa.selenium.support.pagefactory.DefaultElementLocator.findElement(DefaultElementLocator.java:70)
	at org.openqa.selenium.support.pagefactory.internal.LocatingElementHandler.invoke(LocatingElementHandler.java:39)
	at jdk.proxy2/jdk.proxy2.$Proxy28.clear(Unknown Source)
	at pageObjects.LoginPage.setUsername(LoginPage.java:29)
	at stepDefinitions.steps.user_enters_email_as_and_password_as(steps.java:60)
	at ✽.User enters email as &quot;admin@yourstore.com&quot; and password as &quot;admin&quot;(file:///Users/pradeep.kumar/Documents/Eclipse-Workspace/TestNgWith_Cucumber/src/test/resources/Features/Login2.feature:30)
</pre></div><a href='#' onClick='toggleBox("stack-trace1123854078", this, "Click to show all stack frames", "Click to hide stack frames")'>Click to show all stack frames</a>
<div class='stack-trace' id='stack-trace1123854078'><pre>org.openqa.selenium.NoSuchElementException: no such element: Unable to locate element: {&quot;method&quot;:&quot;id&quot;,&quot;selector&quot;:&quot;Email&quot;}
  (Session info: chrome=108.0.5359.128)
  (Driver info: chromedriver=2.41.578706 (5f725d1b4f0a4acbf5259df887244095596231db),platform=Mac OS X 12.4.0 x86_64)
For documentation on this error, please visit: https://selenium.dev/exceptions/#no_such_element
Build info: version: &apos;4.6.0&apos;, revision: &apos;79f1c02ae20&apos;
System info: os.name: &apos;Mac OS X&apos;, os.arch: &apos;x86_64&apos;, os.version: &apos;12.6&apos;, java.version: &apos;17.0.4.1&apos;
Driver info: io.appium.java_client.android.AndroidDriver
Command: [25bca2a5-2639-4d66-9873-340362d5bfc0, findElement {using=id, value=Email}]
Capabilities {appium:appActivity: com.google.android.apps.chr..., appium:appPackage: com.android.chrome, appium:appiumVersion: 1.22.3, appium:automationName: UiAutomator2, appium:chromedriverExecutable: /root/platform-tools/chrome..., appium:chromedriverPort: 8000, appium:cloudViewLink: https://sgregion.experitest..., appium:databaseEnabled: false, appium:desired: {appiumVersion: 1.22.3, automationName: UiAutomator2, browserName: Chrome, chromedriverExecutable: /root/platform-tools/chrome..., chromedriverPort: 8000, deviceName: auto, deviceQuery: @os=&apos;android&apos; and @category..., experitest:client8: true, experitest:originalSkipDeviceInitialization: false, experitestCloudSessionId: CLOUD-SID:2022-12-29_11-26-..., platformName: android, platformVersion: 9.0, reportTestId: 93596, reportUrl: https://uscloud.experitest...., skipDeviceInitialization: true, skipServerInstallation: true, udid: 3245413537533098}, appium:deviceApiLevel: 28, appium:deviceManufacturer: samsung, appium:deviceModel: SM-G965U, appium:deviceName: 3245413537533098, appium:deviceQuery: @os=&apos;android&apos; and @category..., appium:deviceScreenDensity: 420, appium:deviceScreenSize: 1080x2220, appium:deviceUDID: 3245413537533098, appium:ehmPrefixUrl: /agent-3749080, appium:ehmUrl: https://sgregion.experitest..., appium:experitestCloudSessionId: CLOUD-SID:2022-12-29_11-26-..., appium:gridNodePort: 0, appium:javascriptEnabled: true, appium:locationContextEnabled: false, appium:networkConnectionEnabled: true, appium:pixelRatio: 2.625, appium:platformVersion: 9, appium:reportTestId: 93596, appium:reportUrl: https://uscloud.experitest...., appium:skipDeviceInitialization: true, appium:skipServerInstallation: true, appium:statBarHeight: 63, appium:takesScreenshot: true, appium:udid: 3245413537533098, appium:viewportRect: {height: 2031, left: 0, top: 63, width: 1080}, appium:warnings: {}, appium:webStorageEnabled: false, browserName: Chrome, experitest:client8: true, experitest:originalSkipDeviceInitialization: false, platformName: ANDROID}
Session ID: 25bca2a5-2639-4d66-9873-340362d5bfc0
	at java.base/jdk.internal.reflect.NativeConstructorAccessorImpl.newInstance0(Native Method)
	at java.base/jdk.internal.reflect.NativeConstructorAccessorImpl.newInstance(NativeConstructorAccessorImpl.java:77)
	at java.base/jdk.internal.reflect.DelegatingConstructorAccessorImpl.newInstance(DelegatingConstructorAccessorImpl.java:45)
	at java.base/java.lang.reflect.Constructor.newInstanceWithCaller(Constructor.java:499)
	at java.base/java.lang.reflect.Constructor.newInstance(Constructor.java:480)
	at org.openqa.selenium.remote.codec.w3c.W3CHttpResponseCodec.createException(W3CHttpResponseCodec.java:200)
	at org.openqa.selenium.remote.codec.w3c.W3CHttpResponseCodec.decode(W3CHttpResponseCodec.java:133)
	at org.openqa.selenium.remote.codec.w3c.W3CHttpResponseCodec.decode(W3CHttpResponseCodec.java:53)
	at org.openqa.selenium.remote.HttpCommandExecutor.execute(HttpCommandExecutor.java:184)
	at io.appium.java_client.remote.AppiumCommandExecutor.execute(AppiumCommandExecutor.java:189)
	at org.openqa.selenium.remote.RemoteWebDriver.execute(RemoteWebDriver.java:541)
	at org.openqa.selenium.remote.ElementLocation$ElementFinder$2.findElement(ElementLocation.java:162)
	at org.openqa.selenium.remote.ElementLocation.findElement(ElementLocation.java:66)
	at org.openqa.selenium.remote.RemoteWebDriver.findElement(RemoteWebDriver.java:365)
	at org.openqa.selenium.remote.RemoteWebDriver.findElement(RemoteWebDriver.java:357)
	at org.openqa.selenium.support.pagefactory.DefaultElementLocator.findElement(DefaultElementLocator.java:70)
	at org.openqa.selenium.support.pagefactory.internal.LocatingElementHandler.invoke(LocatingElementHandler.java:39)
	at jdk.proxy2/jdk.proxy2.$Proxy28.clear(Unknown Source)
	at pageObjects.LoginPage.setUsername(LoginPage.java:29)
	at stepDefinitions.steps.user_enters_email_as_and_password_as(steps.java:60)
	at ✽.User enters email as &quot;admin@yourstore.com&quot; and password as &quot;admin&quot;(file:///Users/pradeep.kumar/Documents/Eclipse-Workspace/TestNgWith_Cucumber/src/test/resources/Features/Login2.feature:30)
</pre></div></td>
<td>67</td>
<td>testRunner.runnerTest@1530c739</td></tr>
<tr>
<td title='testRunner.runnerTest.runScenario()'><b>runScenario</b><br>Test class: testRunner.runnerTest<br>Test method: Runs Cucumber Scenarios<br>Parameters: "Successfull login with valid credentials", "Login"</td>
<td><div><pre>java.lang.AssertionError: expected [Your store. Login] but found [Dashboard / nopCommerce administration]
	at org.testng.Assert.fail(Assert.java:110)
	at org.testng.Assert.failNotEquals(Assert.java:1413)
	at org.testng.Assert.assertEqualsImpl(Assert.java:149)
	at org.testng.Assert.assertEquals(Assert.java:131)
	at org.testng.Assert.assertEquals(Assert.java:655)
	at org.testng.Assert.assertEquals(Assert.java:665)
	at stepDefinitions.steps.page_title_should_be(steps.java:79)
	at ✽.Page title should be &quot;Dashboard / nopCommerce administration&quot;(file:///Users/pradeep.kumar/Documents/Eclipse-Workspace/TestNgWith_Cucumber/src/test/resources/Features/Login2.feature:16)
</pre></div><a href='#' onClick='toggleBox("stack-trace611591600", this, "Click to show all stack frames", "Click to hide stack frames")'>Click to show all stack frames</a>
<div class='stack-trace' id='stack-trace611591600'><pre>java.lang.AssertionError: expected [Your store. Login] but found [Dashboard / nopCommerce administration]
	at org.testng.Assert.fail(Assert.java:110)
	at org.testng.Assert.failNotEquals(Assert.java:1413)
	at org.testng.Assert.assertEqualsImpl(Assert.java:149)
	at org.testng.Assert.assertEquals(Assert.java:131)
	at org.testng.Assert.assertEquals(Assert.java:655)
	at org.testng.Assert.assertEquals(Assert.java:665)
	at stepDefinitions.steps.page_title_should_be(steps.java:79)
	at ✽.Page title should be &quot;Dashboard / nopCommerce administration&quot;(file:///Users/pradeep.kumar/Documents/Eclipse-Workspace/TestNgWith_Cucumber/src/test/resources/Features/Login2.feature:16)
</pre></div></td>
<td>57</td>
<td>testRunner.runnerTest@1530c739</td></tr>
<tr>
<td title='testRunner.runnerTest.runScenario()'><b>runScenario</b><br>Test class: testRunner.runnerTest<br>Test method: Runs Cucumber Scenarios<br>Parameters: "Successfull login with valid credentials", "Login"</td>
<td><div><pre>org.openqa.selenium.NoSuchSessionException: Session d0f6bd0b-29be-4fbe-ace3-eec01194eae1 could not be found
Build info: version: &apos;4.6.0&apos;, revision: &apos;79f1c02ae20&apos;
System info: os.name: &apos;Mac OS X&apos;, os.arch: &apos;x86_64&apos;, os.version: &apos;12.6&apos;, java.version: &apos;17.0.4.1&apos;
Driver info: io.appium.java_client.android.AndroidDriver
Command: [d0f6bd0b-29be-4fbe-ace3-eec01194eae1, getPageSource {}]
Capabilities {appium:appActivity: com.google.android.apps.chr..., appium:appPackage: com.android.chrome, appium:appiumVersion: 1.22.3, appium:automationName: UiAutomator2, appium:chromedriverExecutable: /root/platform-tools/chrome..., appium:chromedriverPort: 8000, appium:cloudViewLink: https://sgregion.experitest..., appium:databaseEnabled: false, appium:desired: {appiumVersion: 1.22.3, automationName: UiAutomator2, browserName: Chrome, chromedriverExecutable: /root/platform-tools/chrome..., chromedriverPort: 8000, deviceName: auto, deviceQuery: @os=&apos;android&apos; and @category..., experitest:client8: true, experitest:originalSkipDeviceInitialization: false, experitestCloudSessionId: CLOUD-SID:2022-12-29_11-26-..., platformName: android, platformVersion: 8.1, reportTestId: 93599, reportUrl: https://uscloud.experitest...., skipDeviceInitialization: true, skipServerInstallation: true, udid: d0429a1b7d24}, appium:deviceApiLevel: 27, appium:deviceManufacturer: Xiaomi, appium:deviceModel: Redmi 6, appium:deviceName: d0429a1b7d24, appium:deviceQuery: @os=&apos;android&apos; and @category..., appium:deviceScreenDensity: 320, appium:deviceScreenSize: 720x1440, appium:deviceUDID: d0429a1b7d24, appium:ehmPrefixUrl: /agent-3749080, appium:ehmUrl: https://sgregion.experitest..., appium:experitestCloudSessionId: CLOUD-SID:2022-12-29_11-26-..., appium:gridNodePort: 0, appium:javascriptEnabled: true, appium:locationContextEnabled: false, appium:networkConnectionEnabled: true, appium:pixelRatio: 2, appium:platformVersion: 8.1.0, appium:reportTestId: 93599, appium:reportUrl: https://uscloud.experitest...., appium:skipDeviceInitialization: true, appium:skipServerInstallation: true, appium:statBarHeight: 50, appium:takesScreenshot: true, appium:udid: d0429a1b7d24, appium:viewportRect: {height: 1294, left: 0, top: 50, width: 720}, appium:warnings: {}, appium:webStorageEnabled: false, browserName: Chrome, experitest:client8: true, experitest:originalSkipDeviceInitialization: false, platformName: ANDROID}
Session ID: d0f6bd0b-29be-4fbe-ace3-eec01194eae1
	at java.base/jdk.internal.reflect.NativeConstructorAccessorImpl.newInstance0(Native Method)
	at java.base/jdk.internal.reflect.NativeConstructorAccessorImpl.newInstance(NativeConstructorAccessorImpl.java:77)
	at java.base/jdk.internal.reflect.DelegatingConstructorAccessorImpl.newInstance(DelegatingConstructorAccessorImpl.java:45)
	at java.base/java.lang.reflect.Constructor.newInstanceWithCaller(Constructor.java:499)
	at java.base/java.lang.reflect.Constructor.newInstance(Constructor.java:480)
	at org.openqa.selenium.remote.codec.w3c.W3CHttpResponseCodec.createException(W3CHttpResponseCodec.java:200)
	at org.openqa.selenium.remote.codec.w3c.W3CHttpResponseCodec.decode(W3CHttpResponseCodec.java:133)
	at org.openqa.selenium.remote.codec.w3c.W3CHttpResponseCodec.decode(W3CHttpResponseCodec.java:53)
	at org.openqa.selenium.remote.HttpCommandExecutor.execute(HttpCommandExecutor.java:184)
	at io.appium.java_client.remote.AppiumCommandExecutor.execute(AppiumCommandExecutor.java:189)
	at org.openqa.selenium.remote.RemoteWebDriver.execute(RemoteWebDriver.java:541)
	at org.openqa.selenium.remote.RemoteWebDriver.execute(RemoteWebDriver.java:596)
	at io.appium.java_client.AppiumDriver.execute(AppiumDriver.java:272)
	at org.openqa.selenium.remote.RemoteWebDriver.getPageSource(RemoteWebDriver.java:409)
	at stepDefinitions.steps.page_title_should_be(steps.java:75)
	at ✽.Page title should be &quot;Dashboard / nopCommerce administration&quot;(file:///Users/pradeep.kumar/Documents/Eclipse-Workspace/TestNgWith_Cucumber/src/test/resources/Features/Login2.feature:8)
</pre></div><a href='#' onClick='toggleBox("stack-trace1542801681", this, "Click to show all stack frames", "Click to hide stack frames")'>Click to show all stack frames</a>
<div class='stack-trace' id='stack-trace1542801681'><pre>org.openqa.selenium.NoSuchSessionException: Session d0f6bd0b-29be-4fbe-ace3-eec01194eae1 could not be found
Build info: version: &apos;4.6.0&apos;, revision: &apos;79f1c02ae20&apos;
System info: os.name: &apos;Mac OS X&apos;, os.arch: &apos;x86_64&apos;, os.version: &apos;12.6&apos;, java.version: &apos;17.0.4.1&apos;
Driver info: io.appium.java_client.android.AndroidDriver
Command: [d0f6bd0b-29be-4fbe-ace3-eec01194eae1, getPageSource {}]
Capabilities {appium:appActivity: com.google.android.apps.chr..., appium:appPackage: com.android.chrome, appium:appiumVersion: 1.22.3, appium:automationName: UiAutomator2, appium:chromedriverExecutable: /root/platform-tools/chrome..., appium:chromedriverPort: 8000, appium:cloudViewLink: https://sgregion.experitest..., appium:databaseEnabled: false, appium:desired: {appiumVersion: 1.22.3, automationName: UiAutomator2, browserName: Chrome, chromedriverExecutable: /root/platform-tools/chrome..., chromedriverPort: 8000, deviceName: auto, deviceQuery: @os=&apos;android&apos; and @category..., experitest:client8: true, experitest:originalSkipDeviceInitialization: false, experitestCloudSessionId: CLOUD-SID:2022-12-29_11-26-..., platformName: android, platformVersion: 8.1, reportTestId: 93599, reportUrl: https://uscloud.experitest...., skipDeviceInitialization: true, skipServerInstallation: true, udid: d0429a1b7d24}, appium:deviceApiLevel: 27, appium:deviceManufacturer: Xiaomi, appium:deviceModel: Redmi 6, appium:deviceName: d0429a1b7d24, appium:deviceQuery: @os=&apos;android&apos; and @category..., appium:deviceScreenDensity: 320, appium:deviceScreenSize: 720x1440, appium:deviceUDID: d0429a1b7d24, appium:ehmPrefixUrl: /agent-3749080, appium:ehmUrl: https://sgregion.experitest..., appium:experitestCloudSessionId: CLOUD-SID:2022-12-29_11-26-..., appium:gridNodePort: 0, appium:javascriptEnabled: true, appium:locationContextEnabled: false, appium:networkConnectionEnabled: true, appium:pixelRatio: 2, appium:platformVersion: 8.1.0, appium:reportTestId: 93599, appium:reportUrl: https://uscloud.experitest...., appium:skipDeviceInitialization: true, appium:skipServerInstallation: true, appium:statBarHeight: 50, appium:takesScreenshot: true, appium:udid: d0429a1b7d24, appium:viewportRect: {height: 1294, left: 0, top: 50, width: 720}, appium:warnings: {}, appium:webStorageEnabled: false, browserName: Chrome, experitest:client8: true, experitest:originalSkipDeviceInitialization: false, platformName: ANDROID}
Session ID: d0f6bd0b-29be-4fbe-ace3-eec01194eae1
	at java.base/jdk.internal.reflect.NativeConstructorAccessorImpl.newInstance0(Native Method)
	at java.base/jdk.internal.reflect.NativeConstructorAccessorImpl.newInstance(NativeConstructorAccessorImpl.java:77)
	at java.base/jdk.internal.reflect.DelegatingConstructorAccessorImpl.newInstance(DelegatingConstructorAccessorImpl.java:45)
	at java.base/java.lang.reflect.Constructor.newInstanceWithCaller(Constructor.java:499)
	at java.base/java.lang.reflect.Constructor.newInstance(Constructor.java:480)
	at org.openqa.selenium.remote.codec.w3c.W3CHttpResponseCodec.createException(W3CHttpResponseCodec.java:200)
	at org.openqa.selenium.remote.codec.w3c.W3CHttpResponseCodec.decode(W3CHttpResponseCodec.java:133)
	at org.openqa.selenium.remote.codec.w3c.W3CHttpResponseCodec.decode(W3CHttpResponseCodec.java:53)
	at org.openqa.selenium.remote.HttpCommandExecutor.execute(HttpCommandExecutor.java:184)
	at io.appium.java_client.remote.AppiumCommandExecutor.execute(AppiumCommandExecutor.java:189)
	at org.openqa.selenium.remote.RemoteWebDriver.execute(RemoteWebDriver.java:541)
	at org.openqa.selenium.remote.RemoteWebDriver.execute(RemoteWebDriver.java:596)
	at io.appium.java_client.AppiumDriver.execute(AppiumDriver.java:272)
	at org.openqa.selenium.remote.RemoteWebDriver.getPageSource(RemoteWebDriver.java:409)
	at stepDefinitions.steps.page_title_should_be(steps.java:75)
	at ✽.Page title should be &quot;Dashboard / nopCommerce administration&quot;(file:///Users/pradeep.kumar/Documents/Eclipse-Workspace/TestNgWith_Cucumber/src/test/resources/Features/Login2.feature:8)
</pre></div></td>
<td>78</td>
<td>testRunner.runnerTest@1530c739</td></tr>
<tr>
<td title='testRunner.runnerTest.runScenario()'><b>runScenario</b><br>Test class: testRunner.runnerTest<br>Test method: Runs Cucumber Scenarios<br>Parameters: "Successfull login with valid credentials", "Login"</td>
<td><div><pre>org.openqa.selenium.SessionNotCreatedException: Could not start a new session. Response code 500. Message: An unknown server-side error occurred while processing the command. Original error: &apos;app&apos; option is required for reinstall 
Host info: host: &apos;Pradeep-Kumar&apos;, ip: &apos;2405:201:6815:45:f09f:cb39:2f8c:6ece%en0&apos;
Build info: version: &apos;4.6.0&apos;, revision: &apos;79f1c02ae20&apos;
System info: os.name: &apos;Mac OS X&apos;, os.arch: &apos;x86_64&apos;, os.version: &apos;12.6&apos;, java.version: &apos;17.0.4.1&apos;
Driver info: io.appium.java_client.android.AndroidDriver
Command: [null, newSession {capabilities=[{appium:accessKey=eyJhbGciOiJIUzI1NiJ9.eyJ4cC51Ijo0MjI3NDA3LCJ4cC5wIjoyLCJ4cC5tIjoxNjYzODQ3MTY5MTM4LCJleHAiOjE5NzkyMDcxNzAsImlzcyI6ImNvbS5leHBlcml0ZXN0In0.7chHV-AUVDFIUx-yDYaqkT2BbVb_j2x9sdxhI4fUurI, appium:appiumVersion=1.22.3, browserName=Chrome, appium:deviceQuery=@os=&apos;android&apos; and @category=&apos;PHONE&apos;, platformName=ANDROID}], desiredCapabilities=Capabilities {accessKey: eyJhbGciOiJIUzI1NiJ9.eyJ4cC..., appiumVersion: 1.22.3, browserName: Chrome, deviceQuery: @os=&apos;android&apos; and @category..., platformName: ANDROID}}]
Capabilities {}
	at org.openqa.selenium.remote.ProtocolHandshake.createSession(ProtocolHandshake.java:146)
	at java.base/jdk.internal.reflect.NativeMethodAccessorImpl.invoke0(Native Method)
	at java.base/jdk.internal.reflect.NativeMethodAccessorImpl.invoke(NativeMethodAccessorImpl.java:77)
	at java.base/jdk.internal.reflect.DelegatingMethodAccessorImpl.invoke(DelegatingMethodAccessorImpl.java:43)
	at java.base/java.lang.reflect.Method.invoke(Method.java:568)
	at io.appium.java_client.remote.AppiumProtocolHandshake.createSession(AppiumProtocolHandshake.java:126)
	at io.appium.java_client.remote.AppiumProtocolHandshake.createSession(AppiumProtocolHandshake.java:102)
	at io.appium.java_client.remote.AppiumCommandExecutor.createSession(AppiumCommandExecutor.java:155)
	at io.appium.java_client.remote.AppiumCommandExecutor.execute(AppiumCommandExecutor.java:189)
	at org.openqa.selenium.remote.RemoteWebDriver.execute(RemoteWebDriver.java:541)
	at io.appium.java_client.AppiumDriver.startSession(AppiumDriver.java:229)
	at org.openqa.selenium.remote.RemoteWebDriver.&lt;init&gt;(RemoteWebDriver.java:157)
	at io.appium.java_client.AppiumDriver.&lt;init&gt;(AppiumDriver.java:80)
	at io.appium.java_client.AppiumDriver.&lt;init&gt;(AppiumDriver.java:92)
	at io.appium.java_client.android.AndroidDriver.&lt;init&gt;(AndroidDriver.java:117)
	at stepDefinitions.steps.setup(steps.java:33)
</pre></div><a href='#' onClick='toggleBox("stack-trace1818160581", this, "Click to show all stack frames", "Click to hide stack frames")'>Click to show all stack frames</a>
<div class='stack-trace' id='stack-trace1818160581'><pre>org.openqa.selenium.SessionNotCreatedException: Could not start a new session. Response code 500. Message: An unknown server-side error occurred while processing the command. Original error: &apos;app&apos; option is required for reinstall 
Host info: host: &apos;Pradeep-Kumar&apos;, ip: &apos;2405:201:6815:45:f09f:cb39:2f8c:6ece%en0&apos;
Build info: version: &apos;4.6.0&apos;, revision: &apos;79f1c02ae20&apos;
System info: os.name: &apos;Mac OS X&apos;, os.arch: &apos;x86_64&apos;, os.version: &apos;12.6&apos;, java.version: &apos;17.0.4.1&apos;
Driver info: io.appium.java_client.android.AndroidDriver
Command: [null, newSession {capabilities=[{appium:accessKey=eyJhbGciOiJIUzI1NiJ9.eyJ4cC51Ijo0MjI3NDA3LCJ4cC5wIjoyLCJ4cC5tIjoxNjYzODQ3MTY5MTM4LCJleHAiOjE5NzkyMDcxNzAsImlzcyI6ImNvbS5leHBlcml0ZXN0In0.7chHV-AUVDFIUx-yDYaqkT2BbVb_j2x9sdxhI4fUurI, appium:appiumVersion=1.22.3, browserName=Chrome, appium:deviceQuery=@os=&apos;android&apos; and @category=&apos;PHONE&apos;, platformName=ANDROID}], desiredCapabilities=Capabilities {accessKey: eyJhbGciOiJIUzI1NiJ9.eyJ4cC..., appiumVersion: 1.22.3, browserName: Chrome, deviceQuery: @os=&apos;android&apos; and @category..., platformName: ANDROID}}]
Capabilities {}
	at org.openqa.selenium.remote.ProtocolHandshake.createSession(ProtocolHandshake.java:146)
	at java.base/jdk.internal.reflect.NativeMethodAccessorImpl.invoke0(Native Method)
	at java.base/jdk.internal.reflect.NativeMethodAccessorImpl.invoke(NativeMethodAccessorImpl.java:77)
	at java.base/jdk.internal.reflect.DelegatingMethodAccessorImpl.invoke(DelegatingMethodAccessorImpl.java:43)
	at java.base/java.lang.reflect.Method.invoke(Method.java:568)
	at io.appium.java_client.remote.AppiumProtocolHandshake.createSession(AppiumProtocolHandshake.java:126)
	at io.appium.java_client.remote.AppiumProtocolHandshake.createSession(AppiumProtocolHandshake.java:102)
	at io.appium.java_client.remote.AppiumCommandExecutor.createSession(AppiumCommandExecutor.java:155)
	at io.appium.java_client.remote.AppiumCommandExecutor.execute(AppiumCommandExecutor.java:189)
	at org.openqa.selenium.remote.RemoteWebDriver.execute(RemoteWebDriver.java:541)
	at io.appium.java_client.AppiumDriver.startSession(AppiumDriver.java:229)
	at org.openqa.selenium.remote.RemoteWebDriver.&lt;init&gt;(RemoteWebDriver.java:157)
	at io.appium.java_client.AppiumDriver.&lt;init&gt;(AppiumDriver.java:80)
	at io.appium.java_client.AppiumDriver.&lt;init&gt;(AppiumDriver.java:92)
	at io.appium.java_client.android.AndroidDriver.&lt;init&gt;(AndroidDriver.java:117)
	at stepDefinitions.steps.setup(steps.java:33)
</pre></div></td>
<td>102</td>
<td>testRunner.runnerTest@1530c739</td></tr>
<tr>
<td title='testRunner.runnerTest.runScenario()'><b>runScenario</b><br>Test class: testRunner.runnerTest<br>Test method: Runs Cucumber Scenarios<br>Parameters: "Successfull login with valid credentials", "Login"</td>
<td><div><pre>java.lang.AssertionError: expected [Your store. Login] but found [Dashboard / nopCommerce administration]
	at org.testng.Assert.fail(Assert.java:110)
	at org.testng.Assert.failNotEquals(Assert.java:1413)
	at org.testng.Assert.assertEqualsImpl(Assert.java:149)
	at org.testng.Assert.assertEquals(Assert.java:131)
	at org.testng.Assert.assertEquals(Assert.java:655)
	at org.testng.Assert.assertEquals(Assert.java:665)
	at stepDefinitions.steps.page_title_should_be(steps.java:79)
	at ✽.Page title should be &quot;Dashboard / nopCommerce administration&quot;(file:///Users/pradeep.kumar/Documents/Eclipse-Workspace/TestNgWith_Cucumber/src/test/resources/Features/Login.feature:9)
</pre></div><a href='#' onClick='toggleBox("stack-trace1517058865", this, "Click to show all stack frames", "Click to hide stack frames")'>Click to show all stack frames</a>
<div class='stack-trace' id='stack-trace1517058865'><pre>java.lang.AssertionError: expected [Your store. Login] but found [Dashboard / nopCommerce administration]
	at org.testng.Assert.fail(Assert.java:110)
	at org.testng.Assert.failNotEquals(Assert.java:1413)
	at org.testng.Assert.assertEqualsImpl(Assert.java:149)
	at org.testng.Assert.assertEquals(Assert.java:131)
	at org.testng.Assert.assertEquals(Assert.java:655)
	at org.testng.Assert.assertEquals(Assert.java:665)
	at stepDefinitions.steps.page_title_should_be(steps.java:79)
	at ✽.Page title should be &quot;Dashboard / nopCommerce administration&quot;(file:///Users/pradeep.kumar/Documents/Eclipse-Workspace/TestNgWith_Cucumber/src/test/resources/Features/Login.feature:9)
</pre></div></td>
<td>59</td>
<td>testRunner.runnerTest@1530c739</td></tr>
<tr>
<td title='testRunner.runnerTest.runScenario()'><b>runScenario</b><br>Test class: testRunner.runnerTest<br>Test method: Runs Cucumber Scenarios<br>Parameters: "Successfull login with valid credentials", "Login"</td>
<td><div><pre>java.lang.AssertionError: expected [Your store. Login] but found [Dashboard / nopCommerce administration]
	at org.testng.Assert.fail(Assert.java:110)
	at org.testng.Assert.failNotEquals(Assert.java:1413)
	at org.testng.Assert.assertEqualsImpl(Assert.java:149)
	at org.testng.Assert.assertEquals(Assert.java:131)
	at org.testng.Assert.assertEquals(Assert.java:655)
	at org.testng.Assert.assertEquals(Assert.java:665)
	at stepDefinitions.steps.page_title_should_be(steps.java:79)
	at ✽.Page title should be &quot;Dashboard / nopCommerce administration&quot;(file:///Users/pradeep.kumar/Documents/Eclipse-Workspace/TestNgWith_Cucumber/src/test/resources/Features/Login.feature:27)
</pre></div><a href='#' onClick='toggleBox("stack-trace392533323", this, "Click to show all stack frames", "Click to hide stack frames")'>Click to show all stack frames</a>
<div class='stack-trace' id='stack-trace392533323'><pre>java.lang.AssertionError: expected [Your store. Login] but found [Dashboard / nopCommerce administration]
	at org.testng.Assert.fail(Assert.java:110)
	at org.testng.Assert.failNotEquals(Assert.java:1413)
	at org.testng.Assert.assertEqualsImpl(Assert.java:149)
	at org.testng.Assert.assertEquals(Assert.java:131)
	at org.testng.Assert.assertEquals(Assert.java:655)
	at org.testng.Assert.assertEquals(Assert.java:665)
	at stepDefinitions.steps.page_title_should_be(steps.java:79)
	at ✽.Page title should be &quot;Dashboard / nopCommerce administration&quot;(file:///Users/pradeep.kumar/Documents/Eclipse-Workspace/TestNgWith_Cucumber/src/test/resources/Features/Login.feature:27)
</pre></div></td>
<td>58</td>
<td>testRunner.runnerTest@1530c739</td></tr>
<tr>
<td title='testRunner.runnerTest.runScenario()'><b>runScenario</b><br>Test class: testRunner.runnerTest<br>Test method: Runs Cucumber Scenarios<br>Parameters: "Successfull login with valid credentials", "Login"</td>
<td><div><pre>java.lang.AssertionError: expected [Your store. Login] but found [Dashboard / nopCommerce administration]
	at org.testng.Assert.fail(Assert.java:110)
	at org.testng.Assert.failNotEquals(Assert.java:1413)
	at org.testng.Assert.assertEqualsImpl(Assert.java:149)
	at org.testng.Assert.assertEquals(Assert.java:131)
	at org.testng.Assert.assertEquals(Assert.java:655)
	at org.testng.Assert.assertEquals(Assert.java:665)
	at stepDefinitions.steps.page_title_should_be(steps.java:79)
	at ✽.Page title should be &quot;Dashboard / nopCommerce administration&quot;(file:///Users/pradeep.kumar/Documents/Eclipse-Workspace/TestNgWith_Cucumber/src/test/resources/Features/Login2.feature:24)
</pre></div><a href='#' onClick='toggleBox("stack-trace252198118", this, "Click to show all stack frames", "Click to hide stack frames")'>Click to show all stack frames</a>
<div class='stack-trace' id='stack-trace252198118'><pre>java.lang.AssertionError: expected [Your store. Login] but found [Dashboard / nopCommerce administration]
	at org.testng.Assert.fail(Assert.java:110)
	at org.testng.Assert.failNotEquals(Assert.java:1413)
	at org.testng.Assert.assertEqualsImpl(Assert.java:149)
	at org.testng.Assert.assertEquals(Assert.java:131)
	at org.testng.Assert.assertEquals(Assert.java:655)
	at org.testng.Assert.assertEquals(Assert.java:665)
	at stepDefinitions.steps.page_title_should_be(steps.java:79)
	at ✽.Page title should be &quot;Dashboard / nopCommerce administration&quot;(file:///Users/pradeep.kumar/Documents/Eclipse-Workspace/TestNgWith_Cucumber/src/test/resources/Features/Login2.feature:24)
</pre></div></td>
<td>62</td>
<td>testRunner.runnerTest@1530c739</td></tr>
</table><p>
<table width='100%' border='1' class='invocation-passed'>
<tr><td colspan='4' align='center'><b>PASSED TESTS</b></td></tr>
<tr><td><b>Test method</b></td>
<td><b>Attribute(s)</b></td>
<td width="30%"><b>Exception</b></td>
<td width="10%"><b>Time (seconds)</b></td>
<td><b>Instance</b></td>
</tr>
<tr>
<td title='testRunner.runnerTest.runScenario()'><b>runScenario</b><br>Test class: testRunner.runnerTest<br>Test method: Runs Cucumber Scenarios<br>Parameters: "Successfull login with valid credentials", "Login"</td>
<td></td>
<td>84</td>
<td>testRunner.runnerTest@1530c739</td></tr>
</table><p>
</body>
</html>