<?xml version="1.0" encoding="UTF-8"?>
<testng-results ignored="0" total="8" passed="6" failed="2" skipped="0">
  <reporter-output>
  </reporter-output>
  <suite started-at="2022-12-29T17:30:21 IST" name="Suite" finished-at="2022-12-29T17:31:55 IST" duration-ms="93172">
    <groups>
      <group name="cucumber">
        <method signature="AbstractTestNGCucumberTests.runScenario(io.cucumber.testng.PickleWrapper,io.cucumber.testng.FeatureWrapper)[pri:0, instance:testRunner.runnerTest@1530c739]" name="runScenario" class="io.cucumber.testng.AbstractTestNGCucumberTests"/>
      </group> <!-- cucumber -->
    </groups>
    <test started-at="2022-12-29T17:30:21 IST" name="Test" finished-at="2022-12-29T17:31:55 IST" duration-ms="93172">
      <class name="testRunner.runnerTest">
        <test-method is-config="true" signature="setUpClass(org.testng.ITestContext)[pri:0, instance:testRunner.runnerTest@1530c739]" started-at="2022-12-29T17:30:22 IST" name="setUpClass" finished-at="2022-12-29T17:30:22 IST" duration-ms="783" status="PASS">
          <params>
            <param index="0">
              <value>
                <![CDATA[org.testng.TestRunner@2d35442b]]>
              </value>
            </param>
          </params>
          <reporter-output>
          </reporter-output>
        </test-method> <!-- setUpClass -->
        <test-method signature="runScenario(io.cucumber.testng.PickleWrapper,io.cucumber.testng.FeatureWrapper)[pri:0, instance:testRunner.runnerTest@1530c739]" started-at="2022-12-29T17:30:22 IST" name="runScenario" description="Runs Cucumber Scenarios" data-provider="scenarios" finished-at="2022-12-29T17:31:42 IST" duration-ms="80067" status="FAIL">
          <params>
            <param index="0">
              <value>
                <![CDATA["Successfull login with valid credentials"]]>
              </value>
            </param>
            <param index="1">
              <value>
                <![CDATA["Login"]]>
              </value>
            </param>
          </params>
          <exception class="org.openqa.selenium.SessionNotCreatedException">
            <message>
              <![CDATA[Could not start a new session. Response code 500. Message: An unknown server-side error occurred while processing the command. Original error: An unknown server-side error occurred while processing the command. Original error: unknown error: Failed to clear data for com.android.chrome on device U4EYLRLV5LRGJFDU: Security exception: adb clearing user data is forbidden.

java.lang.SecurityException: adb clearing user data is forbidden.
at com.android.server.pm.ColorClearDataProtectManager.interceptClearUserDataIfNeeded(ColorClearDataProtectManager.java:88)
at com.android.server.pm.OppoBasePackageManagerService$OppoPackageManagerInternalImpl.interceptClearUserDataIfNeeded(OppoBasePackageManagerService.java:743)
at com.android.server.am.ActivityManagerService.clearApplicationUserData(ActivityManagerService.java:4582)
at com.android.server.pm.PackageManagerShellCommand.runClear(PackageManagerShellCommand.java:1852)
at com.android.server.pm.PackageManagerShellCommand.onCommand(PackageManagerShellCommand.java:216)
at android.os.ShellCommand.exec(ShellCommand.java:104)
at com.android.server.pm.PackageManagerService.onShellCommand(PackageManagerService.java:24187)
at android.os.Binder.shellCommand(Binder.java:881)
at android.os.Binder.onTransact(Binder.java:765)
at android.content.pm.IPackageManager$Stub.onTransact(IPackageManager.java:5400)
at com.android.server.pm.PackageManagerService.onTransact(PackageManagerService.java:4819)
at com.android.server.pm.OppoPackageManagerService.onTransact(OppoPackageManagerService.java:83)
at android.os.Binder.execTransactInternal(Binder.java:1021)
at android.os.Binder.execTransact(Binder.java:994)

  (Driver info: chromedriver=2.41.578706 (5f725d1b4f0a4acbf5259df887244095596231db),platform=Mac OS X 12.4.0 x86_64) 
Host info: host: 'Pradeep-Kumar', ip: '2405:201:6815:45:f09f:cb39:2f8c:6ece%en0'
Build info: version: '4.6.0', revision: '79f1c02ae20'
System info: os.name: 'Mac OS X', os.arch: 'x86_64', os.version: '12.6', java.version: '17.0.4.1'
Driver info: io.appium.java_client.android.AndroidDriver
Command: [null, newSession {capabilities=[{appium:accessKey=eyJhbGciOiJIUzI1NiJ9.eyJ4cC51Ijo0MjI3NDA3LCJ4cC5wIjoyLCJ4cC5tIjoxNjYzODQ3MTY5MTM4LCJleHAiOjE5NzkyMDcxNzAsImlzcyI6ImNvbS5leHBlcml0ZXN0In0.7chHV-AUVDFIUx-yDYaqkT2BbVb_j2x9sdxhI4fUurI, appium:appiumVersion=1.22.3, browserName=Chrome, appium:deviceQuery=@os='android' and @category='PHONE', platformName=ANDROID}], desiredCapabilities=Capabilities {accessKey: eyJhbGciOiJIUzI1NiJ9.eyJ4cC..., appiumVersion: 1.22.3, browserName: Chrome, deviceQuery: @os='android' and @category..., platformName: ANDROID}}]
Capabilities {}]]>
            </message>
            <full-stacktrace>
              <![CDATA[org.openqa.selenium.SessionNotCreatedException: Could not start a new session. Response code 500. Message: An unknown server-side error occurred while processing the command. Original error: An unknown server-side error occurred while processing the command. Original error: unknown error: Failed to clear data for com.android.chrome on device U4EYLRLV5LRGJFDU: Security exception: adb clearing user data is forbidden.

java.lang.SecurityException: adb clearing user data is forbidden.
at com.android.server.pm.ColorClearDataProtectManager.interceptClearUserDataIfNeeded(ColorClearDataProtectManager.java:88)
at com.android.server.pm.OppoBasePackageManagerService$OppoPackageManagerInternalImpl.interceptClearUserDataIfNeeded(OppoBasePackageManagerService.java:743)
at com.android.server.am.ActivityManagerService.clearApplicationUserData(ActivityManagerService.java:4582)
at com.android.server.pm.PackageManagerShellCommand.runClear(PackageManagerShellCommand.java:1852)
at com.android.server.pm.PackageManagerShellCommand.onCommand(PackageManagerShellCommand.java:216)
at android.os.ShellCommand.exec(ShellCommand.java:104)
at com.android.server.pm.PackageManagerService.onShellCommand(PackageManagerService.java:24187)
at android.os.Binder.shellCommand(Binder.java:881)
at android.os.Binder.onTransact(Binder.java:765)
at android.content.pm.IPackageManager$Stub.onTransact(IPackageManager.java:5400)
at com.android.server.pm.PackageManagerService.onTransact(PackageManagerService.java:4819)
at com.android.server.pm.OppoPackageManagerService.onTransact(OppoPackageManagerService.java:83)
at android.os.Binder.execTransactInternal(Binder.java:1021)
at android.os.Binder.execTransact(Binder.java:994)

  (Driver info: chromedriver=2.41.578706 (5f725d1b4f0a4acbf5259df887244095596231db),platform=Mac OS X 12.4.0 x86_64) 
Host info: host: 'Pradeep-Kumar', ip: '2405:201:6815:45:f09f:cb39:2f8c:6ece%en0'
Build info: version: '4.6.0', revision: '79f1c02ae20'
System info: os.name: 'Mac OS X', os.arch: 'x86_64', os.version: '12.6', java.version: '17.0.4.1'
Driver info: io.appium.java_client.android.AndroidDriver
Command: [null, newSession {capabilities=[{appium:accessKey=eyJhbGciOiJIUzI1NiJ9.eyJ4cC51Ijo0MjI3NDA3LCJ4cC5wIjoyLCJ4cC5tIjoxNjYzODQ3MTY5MTM4LCJleHAiOjE5NzkyMDcxNzAsImlzcyI6ImNvbS5leHBlcml0ZXN0In0.7chHV-AUVDFIUx-yDYaqkT2BbVb_j2x9sdxhI4fUurI, appium:appiumVersion=1.22.3, browserName=Chrome, appium:deviceQuery=@os='android' and @category='PHONE', platformName=ANDROID}], desiredCapabilities=Capabilities {accessKey: eyJhbGciOiJIUzI1NiJ9.eyJ4cC..., appiumVersion: 1.22.3, browserName: Chrome, deviceQuery: @os='android' and @category..., platformName: ANDROID}}]
Capabilities {}
at org.openqa.selenium.remote.ProtocolHandshake.createSession(ProtocolHandshake.java:146)
at java.base/jdk.internal.reflect.NativeMethodAccessorImpl.invoke0(Native Method)
at java.base/jdk.internal.reflect.NativeMethodAccessorImpl.invoke(NativeMethodAccessorImpl.java:77)
at java.base/jdk.internal.reflect.DelegatingMethodAccessorImpl.invoke(DelegatingMethodAccessorImpl.java:43)
at java.base/java.lang.reflect.Method.invoke(Method.java:568)
at io.appium.java_client.remote.AppiumProtocolHandshake.createSession(AppiumProtocolHandshake.java:126)
at io.appium.java_client.remote.AppiumProtocolHandshake.createSession(AppiumProtocolHandshake.java:102)
at io.appium.java_client.remote.AppiumCommandExecutor.createSession(AppiumCommandExecutor.java:155)
at io.appium.java_client.remote.AppiumCommandExecutor.execute(AppiumCommandExecutor.java:189)
at org.openqa.selenium.remote.RemoteWebDriver.execute(RemoteWebDriver.java:541)
at io.appium.java_client.AppiumDriver.startSession(AppiumDriver.java:229)
at org.openqa.selenium.remote.RemoteWebDriver.<init>(RemoteWebDriver.java:157)
at io.appium.java_client.AppiumDriver.<init>(AppiumDriver.java:80)
at io.appium.java_client.AppiumDriver.<init>(AppiumDriver.java:92)
at io.appium.java_client.android.AndroidDriver.<init>(AndroidDriver.java:117)
at stepDefinitions.steps.setup(steps.java:31)
]]>
            </full-stacktrace>
          </exception> <!-- org.openqa.selenium.SessionNotCreatedException -->
          <reporter-output>
          </reporter-output>
        </test-method> <!-- runScenario -->
        <test-method signature="runScenario(io.cucumber.testng.PickleWrapper,io.cucumber.testng.FeatureWrapper)[pri:0, instance:testRunner.runnerTest@1530c739]" started-at="2022-12-29T17:30:22 IST" name="runScenario" description="Runs Cucumber Scenarios" data-provider="scenarios" finished-at="2022-12-29T17:31:20 IST" duration-ms="57344" status="PASS">
          <params>
            <param index="0">
              <value>
                <![CDATA["Successfull login with valid credentials"]]>
              </value>
            </param>
            <param index="1">
              <value>
                <![CDATA["Login"]]>
              </value>
            </param>
          </params>
          <reporter-output>
          </reporter-output>
        </test-method> <!-- runScenario -->
        <test-method signature="runScenario(io.cucumber.testng.PickleWrapper,io.cucumber.testng.FeatureWrapper)[pri:0, instance:testRunner.runnerTest@1530c739]" started-at="2022-12-29T17:30:22 IST" name="runScenario" description="Runs Cucumber Scenarios" data-provider="scenarios" finished-at="2022-12-29T17:31:21 IST" duration-ms="58952" status="PASS">
          <params>
            <param index="0">
              <value>
                <![CDATA["Successfull login with valid credentials"]]>
              </value>
            </param>
            <param index="1">
              <value>
                <![CDATA["Login"]]>
              </value>
            </param>
          </params>
          <reporter-output>
          </reporter-output>
        </test-method> <!-- runScenario -->
        <test-method signature="runScenario(io.cucumber.testng.PickleWrapper,io.cucumber.testng.FeatureWrapper)[pri:0, instance:testRunner.runnerTest@1530c739]" started-at="2022-12-29T17:30:22 IST" name="runScenario" description="Runs Cucumber Scenarios" data-provider="scenarios" finished-at="2022-12-29T17:31:20 IST" duration-ms="58015" status="PASS">
          <params>
            <param index="0">
              <value>
                <![CDATA["Successfull login with valid credentials"]]>
              </value>
            </param>
            <param index="1">
              <value>
                <![CDATA["Login"]]>
              </value>
            </param>
          </params>
          <reporter-output>
          </reporter-output>
        </test-method> <!-- runScenario -->
        <test-method signature="runScenario(io.cucumber.testng.PickleWrapper,io.cucumber.testng.FeatureWrapper)[pri:0, instance:testRunner.runnerTest@1530c739]" started-at="2022-12-29T17:30:22 IST" name="runScenario" description="Runs Cucumber Scenarios" data-provider="scenarios" finished-at="2022-12-29T17:31:38 IST" duration-ms="75779" status="PASS">
          <params>
            <param index="0">
              <value>
                <![CDATA["Successfull login with valid credentials"]]>
              </value>
            </param>
            <param index="1">
              <value>
                <![CDATA["Login"]]>
              </value>
            </param>
          </params>
          <reporter-output>
          </reporter-output>
        </test-method> <!-- runScenario -->
        <test-method signature="runScenario(io.cucumber.testng.PickleWrapper,io.cucumber.testng.FeatureWrapper)[pri:0, instance:testRunner.runnerTest@1530c739]" started-at="2022-12-29T17:30:22 IST" name="runScenario" description="Runs Cucumber Scenarios" data-provider="scenarios" finished-at="2022-12-29T17:31:38 IST" duration-ms="75387" status="PASS">
          <params>
            <param index="0">
              <value>
                <![CDATA["Successfull login with valid credentials"]]>
              </value>
            </param>
            <param index="1">
              <value>
                <![CDATA["Login"]]>
              </value>
            </param>
          </params>
          <reporter-output>
          </reporter-output>
        </test-method> <!-- runScenario -->
        <test-method signature="runScenario(io.cucumber.testng.PickleWrapper,io.cucumber.testng.FeatureWrapper)[pri:0, instance:testRunner.runnerTest@1530c739]" started-at="2022-12-29T17:30:22 IST" name="runScenario" description="Runs Cucumber Scenarios" data-provider="scenarios" finished-at="2022-12-29T17:31:17 IST" duration-ms="55167" status="PASS">
          <params>
            <param index="0">
              <value>
                <![CDATA["Successfull login with valid credentials"]]>
              </value>
            </param>
            <param index="1">
              <value>
                <![CDATA["Login"]]>
              </value>
            </param>
          </params>
          <reporter-output>
          </reporter-output>
        </test-method> <!-- runScenario -->
        <test-method signature="runScenario(io.cucumber.testng.PickleWrapper,io.cucumber.testng.FeatureWrapper)[pri:0, instance:testRunner.runnerTest@1530c739]" started-at="2022-12-29T17:30:22 IST" name="runScenario" description="Runs Cucumber Scenarios" data-provider="scenarios" finished-at="2022-12-29T17:31:55 IST" duration-ms="92267" status="FAIL">
          <params>
            <param index="0">
              <value>
                <![CDATA["Successfull login with valid credentials"]]>
              </value>
            </param>
            <param index="1">
              <value>
                <![CDATA["Login"]]>
              </value>
            </param>
          </params>
          <exception class="org.openqa.selenium.SessionNotCreatedException">
            <message>
              <![CDATA[Could not start a new session. Response code 500. Message: An unknown server-side error occurred while processing the command. Original error: 'app' option is required for reinstall 
Host info: host: 'Pradeep-Kumar', ip: '2405:201:6815:45:f09f:cb39:2f8c:6ece%en0'
Build info: version: '4.6.0', revision: '79f1c02ae20'
System info: os.name: 'Mac OS X', os.arch: 'x86_64', os.version: '12.6', java.version: '17.0.4.1'
Driver info: io.appium.java_client.android.AndroidDriver
Command: [null, newSession {capabilities=[{appium:accessKey=eyJhbGciOiJIUzI1NiJ9.eyJ4cC51Ijo0MjI3NDA3LCJ4cC5wIjoyLCJ4cC5tIjoxNjYzODQ3MTY5MTM4LCJleHAiOjE5NzkyMDcxNzAsImlzcyI6ImNvbS5leHBlcml0ZXN0In0.7chHV-AUVDFIUx-yDYaqkT2BbVb_j2x9sdxhI4fUurI, appium:appiumVersion=1.22.3, browserName=Chrome, appium:deviceQuery=@os='android' and @category='PHONE', platformName=ANDROID}], desiredCapabilities=Capabilities {accessKey: eyJhbGciOiJIUzI1NiJ9.eyJ4cC..., appiumVersion: 1.22.3, browserName: Chrome, deviceQuery: @os='android' and @category..., platformName: ANDROID}}]
Capabilities {}]]>
            </message>
            <full-stacktrace>
              <![CDATA[org.openqa.selenium.SessionNotCreatedException: Could not start a new session. Response code 500. Message: An unknown server-side error occurred while processing the command. Original error: 'app' option is required for reinstall 
Host info: host: 'Pradeep-Kumar', ip: '2405:201:6815:45:f09f:cb39:2f8c:6ece%en0'
Build info: version: '4.6.0', revision: '79f1c02ae20'
System info: os.name: 'Mac OS X', os.arch: 'x86_64', os.version: '12.6', java.version: '17.0.4.1'
Driver info: io.appium.java_client.android.AndroidDriver
Command: [null, newSession {capabilities=[{appium:accessKey=eyJhbGciOiJIUzI1NiJ9.eyJ4cC51Ijo0MjI3NDA3LCJ4cC5wIjoyLCJ4cC5tIjoxNjYzODQ3MTY5MTM4LCJleHAiOjE5NzkyMDcxNzAsImlzcyI6ImNvbS5leHBlcml0ZXN0In0.7chHV-AUVDFIUx-yDYaqkT2BbVb_j2x9sdxhI4fUurI, appium:appiumVersion=1.22.3, browserName=Chrome, appium:deviceQuery=@os='android' and @category='PHONE', platformName=ANDROID}], desiredCapabilities=Capabilities {accessKey: eyJhbGciOiJIUzI1NiJ9.eyJ4cC..., appiumVersion: 1.22.3, browserName: Chrome, deviceQuery: @os='android' and @category..., platformName: ANDROID}}]
Capabilities {}
at org.openqa.selenium.remote.ProtocolHandshake.createSession(ProtocolHandshake.java:146)
at java.base/jdk.internal.reflect.NativeMethodAccessorImpl.invoke0(Native Method)
at java.base/jdk.internal.reflect.NativeMethodAccessorImpl.invoke(NativeMethodAccessorImpl.java:77)
at java.base/jdk.internal.reflect.DelegatingMethodAccessorImpl.invoke(DelegatingMethodAccessorImpl.java:43)
at java.base/java.lang.reflect.Method.invoke(Method.java:568)
at io.appium.java_client.remote.AppiumProtocolHandshake.createSession(AppiumProtocolHandshake.java:126)
at io.appium.java_client.remote.AppiumProtocolHandshake.createSession(AppiumProtocolHandshake.java:102)
at io.appium.java_client.remote.AppiumCommandExecutor.createSession(AppiumCommandExecutor.java:155)
at io.appium.java_client.remote.AppiumCommandExecutor.execute(AppiumCommandExecutor.java:189)
at org.openqa.selenium.remote.RemoteWebDriver.execute(RemoteWebDriver.java:541)
at io.appium.java_client.AppiumDriver.startSession(AppiumDriver.java:229)
at org.openqa.selenium.remote.RemoteWebDriver.<init>(RemoteWebDriver.java:157)
at io.appium.java_client.AppiumDriver.<init>(AppiumDriver.java:80)
at io.appium.java_client.AppiumDriver.<init>(AppiumDriver.java:92)
at io.appium.java_client.android.AndroidDriver.<init>(AndroidDriver.java:117)
at stepDefinitions.steps.setup(steps.java:31)
]]>
            </full-stacktrace>
          </exception> <!-- org.openqa.selenium.SessionNotCreatedException -->
          <reporter-output>
          </reporter-output>
        </test-method> <!-- runScenario -->
        <test-method is-config="true" signature="tearDownClass()[pri:0, instance:testRunner.runnerTest@1530c739]" started-at="2022-12-29T17:31:55 IST" name="tearDownClass" finished-at="2022-12-29T17:31:55 IST" duration-ms="55" status="PASS">
          <reporter-output>
          </reporter-output>
        </test-method> <!-- tearDownClass -->
      </class> <!-- testRunner.runnerTest -->
    </test> <!-- Test -->
  </suite> <!-- Suite -->
</testng-results>
